2021-02-12 17:04:04,665 [Worker-1: Loading available Gradle versions] INFO  o.e.b.c.i.u.g.PublishedGradleVersions - Gradle version information cache is up-to-date. Trying to read.
2021-02-12 17:04:59,454 [Worker-6: Updating Maven Dependencies] INFO  o.e.m.c.i.l.LifecycleMappingFactory - Using org.maven.ide.eclipse.wtp.WarLifecycleMapping lifecycle mapping for MavenProject: com.cloudftic:web2:0.0.1-SNAPSHOT @ C:\Users\pedro\Downloads\EclipseTemplates\EclipseTemplates\web2\pom.xml.
2021-02-12 17:04:59,453 [Worker-9: Building] INFO  o.e.m.c.i.l.LifecycleMappingFactory - Using org.maven.ide.eclipse.wtp.WarLifecycleMapping lifecycle mapping for MavenProject: com.cloudftic:web2:0.0.1-SNAPSHOT @ C:\Users\pedro\Downloads\EclipseTemplates\EclipseTemplates\web2\pom.xml.
2021-02-12 17:05:07,138 [Worker-9: Building] WARN  o.e.m.c.i.embedder.EclipseLogger - Using platform encoding (Cp1252 actually) to copy filtered resources, i.e. build is platform dependent!
2021-02-12 17:05:07,158 [Worker-9: Building] INFO  o.e.m.c.i.embedder.EclipseLogger - skip non existing resourceDirectory C:\Users\pedro\Downloads\EclipseTemplates\EclipseTemplates\web2\src\main\resources
2021-02-12 17:05:07,185 [Worker-9: Building] WARN  o.e.m.c.i.embedder.EclipseLogger - Using platform encoding (Cp1252 actually) to copy filtered resources, i.e. build is platform dependent!
2021-02-12 17:05:07,261 [Worker-9: Building] INFO  o.e.m.c.i.embedder.EclipseLogger - skip non existing resourceDirectory C:\Users\pedro\Downloads\EclipseTemplates\EclipseTemplates\web2\src\test\resources
2021-02-12 17:05:11,018 [Worker-3: Updating Maven Dependencies] INFO  o.e.m.c.i.l.LifecycleMappingFactory - Using org.maven.ide.eclipse.wtp.WarLifecycleMapping lifecycle mapping for MavenProject: com.cloudftic:web2:0.0.1-SNAPSHOT @ C:\Users\pedro\Downloads\EclipseTemplates\EclipseTemplates\web2\pom.xml.
2021-02-12 17:05:29,072 [Worker-9: Building] WARN  o.e.m.c.i.embedder.EclipseLogger - Using platform encoding (Cp1252 actually) to copy filtered resources, i.e. build is platform dependent!
2021-02-12 17:05:29,087 [Worker-9: Building] INFO  o.e.m.c.i.embedder.EclipseLogger - skip non existing resourceDirectory C:\Users\pedro\Downloads\EclipseTemplates\EclipseTemplates\web2\src\main\resources
2021-02-12 17:05:29,090 [Worker-9: Building] WARN  o.e.m.c.i.embedder.EclipseLogger - Using platform encoding (Cp1252 actually) to copy filtered resources, i.e. build is platform dependent!
2021-02-12 17:05:29,106 [Worker-9: Building] INFO  o.e.m.c.i.embedder.EclipseLogger - skip non existing resourceDirectory C:\Users\pedro\Downloads\EclipseTemplates\EclipseTemplates\web2\src\test\resources
2021-02-12 17:07:08,220 [main] INFO  o.e.m.c.i.l.LifecycleMappingFactory - Using org.maven.ide.eclipse.wtp.WarLifecycleMapping lifecycle mapping for MavenProject: com.cloudftic:web2:0.0.1-SNAPSHOT @ C:\Users\pedro\Downloads\EclipseTemplates\EclipseTemplates\web2\pom.xml.
2021-02-12 17:07:18,239 [Worker-3: Building] WARN  o.e.m.c.i.embedder.EclipseLogger - Using platform encoding (Cp1252 actually) to copy filtered resources, i.e. build is platform dependent!
2021-02-12 17:07:18,256 [Worker-3: Building] INFO  o.e.m.c.i.embedder.EclipseLogger - skip non existing resourceDirectory C:\Users\pedro\Downloads\EclipseTemplates\EclipseTemplates\web2\src\main\resources
2021-02-12 17:07:18,258 [Worker-3: Building] WARN  o.e.m.c.i.embedder.EclipseLogger - Using platform encoding (Cp1252 actually) to copy filtered resources, i.e. build is platform dependent!
2021-02-12 17:07:18,274 [Worker-3: Building] INFO  o.e.m.c.i.embedder.EclipseLogger - skip non existing resourceDirectory C:\Users\pedro\Downloads\EclipseTemplates\EclipseTemplates\web2\src\test\resources
2021-02-12 17:07:19,501 [Worker-3: Updating maven projects ] INFO  o.e.m.c.i.p.ProjectConfigurationManager - Update started
2021-02-12 17:07:20,206 [Worker-3: Updating maven projects ] INFO  o.e.m.c.i.l.LifecycleMappingFactory - Using org.maven.ide.eclipse.wtp.WarLifecycleMapping lifecycle mapping for MavenProject: com.cloudftic:web2:0.0.1-SNAPSHOT @ C:\Users\pedro\Downloads\EclipseTemplates\EclipseTemplates\web2\pom.xml.
2021-02-12 17:07:21,286 [Worker-3: Updating maven projects ] INFO  o.e.m.j.i.AbstractJavaProjectConfigurator - Adding source folder /web2/src
2021-02-12 17:07:21,287 [Worker-3: Updating maven projects ] INFO  o.e.m.j.i.AbstractJavaProjectConfigurator - Not adding source folder /web2/src/test/java because it overlaps with /web2/src
2021-02-12 17:07:21,755 [Worker-3: Updating maven projects ] INFO  o.e.m.w.i.f.ResourceFilteringBuildParticipant - Cleaning filtered folder for web2
2021-02-12 17:07:21,770 [Worker-3: Updating maven projects ] INFO  o.e.m.c.i.p.ProjectConfigurationManager - Update completed: 2 sec
2021-02-12 17:07:22,181 [Worker-3: Building] WARN  o.e.m.c.i.embedder.EclipseLogger - Using platform encoding (Cp1252 actually) to copy filtered resources, i.e. build is platform dependent!
2021-02-12 17:07:22,197 [Worker-3: Building] INFO  o.e.m.c.i.embedder.EclipseLogger - skip non existing resourceDirectory C:\Users\pedro\Downloads\EclipseTemplates\EclipseTemplates\web2\src\main\resources
2021-02-12 17:07:22,200 [Worker-3: Building] WARN  o.e.m.c.i.embedder.EclipseLogger - Using platform encoding (Cp1252 actually) to copy filtered resources, i.e. build is platform dependent!
2021-02-12 17:07:22,216 [Worker-3: Building] INFO  o.e.m.c.i.embedder.EclipseLogger - skip non existing resourceDirectory C:\Users\pedro\Downloads\EclipseTemplates\EclipseTemplates\web2\src\test\resources
2021-02-12 17:07:22,216 [Worker-3: Building] INFO  o.e.m.w.i.f.ResourceFilteringBuildParticipant - Changed resources require a complete clean of filtered resources of web2
2021-02-12 17:07:22,217 [Worker-3: Building] INFO  o.e.m.w.i.f.ResourceFilteringBuildParticipant - Executing resource filtering for web2
2021-02-12 17:07:22,283 [Worker-3: Building] WARN  o.e.m.c.i.embedder.EclipseLogger - Using platform encoding (Cp1252 actually) to copy filtered resources, i.e. build is platform dependent!
2021-02-12 17:07:31,512 [Worker-14: Updating Maven Project] INFO  o.e.m.c.i.p.ProjectConfigurationManager - Update started
2021-02-12 17:07:32,187 [Worker-14: Updating Maven Project] INFO  o.e.m.c.i.l.LifecycleMappingFactory - Using org.maven.ide.eclipse.wtp.WarLifecycleMapping lifecycle mapping for MavenProject: com.cloudftic:web2:0.0.1-SNAPSHOT @ C:\Users\pedro\Downloads\EclipseTemplates\EclipseTemplates\web2\pom.xml.
2021-02-12 17:07:33,292 [Worker-14: Updating Maven Project] INFO  o.e.m.j.i.AbstractJavaProjectConfigurator - Adding source folder /web2/src
2021-02-12 17:07:33,293 [Worker-14: Updating Maven Project] INFO  o.e.m.j.i.AbstractJavaProjectConfigurator - Not adding source folder /web2/src/test/java because it overlaps with /web2/src
2021-02-12 17:07:33,569 [Worker-14: Updating Maven Project] INFO  o.e.m.w.i.f.ResourceFilteringBuildParticipant - Cleaning filtered folder for web2
2021-02-12 17:07:33,576 [Worker-14: Updating Maven Project] INFO  o.e.m.c.i.p.ProjectConfigurationManager - Update completed: 2 sec
2021-02-12 17:07:33,910 [Worker-13: Building] WARN  o.e.m.c.i.embedder.EclipseLogger - Using platform encoding (Cp1252 actually) to copy filtered resources, i.e. build is platform dependent!
2021-02-12 17:07:33,926 [Worker-13: Building] INFO  o.e.m.c.i.embedder.EclipseLogger - skip non existing resourceDirectory C:\Users\pedro\Downloads\EclipseTemplates\EclipseTemplates\web2\src\main\resources
2021-02-12 17:07:33,929 [Worker-13: Building] WARN  o.e.m.c.i.embedder.EclipseLogger - Using platform encoding (Cp1252 actually) to copy filtered resources, i.e. build is platform dependent!
2021-02-12 17:07:33,944 [Worker-13: Building] INFO  o.e.m.c.i.embedder.EclipseLogger - skip non existing resourceDirectory C:\Users\pedro\Downloads\EclipseTemplates\EclipseTemplates\web2\src\test\resources
2021-02-12 17:07:33,945 [Worker-13: Building] INFO  o.e.m.w.i.f.ResourceFilteringBuildParticipant - Changed resources require a complete clean of filtered resources of web2
2021-02-12 17:07:33,945 [Worker-13: Building] INFO  o.e.m.w.i.f.ResourceFilteringBuildParticipant - Executing resource filtering for web2
2021-02-12 17:07:33,952 [Worker-13: Building] WARN  o.e.m.c.i.embedder.EclipseLogger - Using platform encoding (Cp1252 actually) to copy filtered resources, i.e. build is platform dependent!
2021-02-12 17:08:54,347 [Worker-17: Building] WARN  o.e.m.c.i.embedder.EclipseLogger - Using platform encoding (Cp1252 actually) to copy filtered resources, i.e. build is platform dependent!
2021-02-12 17:08:54,364 [Worker-17: Building] INFO  o.e.m.c.i.embedder.EclipseLogger - skip non existing resourceDirectory C:\Users\pedro\Downloads\EclipseTemplates\EclipseTemplates\web2\src\main\resources
2021-02-12 17:08:54,366 [Worker-17: Building] WARN  o.e.m.c.i.embedder.EclipseLogger - Using platform encoding (Cp1252 actually) to copy filtered resources, i.e. build is platform dependent!
2021-02-12 17:08:54,381 [Worker-17: Building] INFO  o.e.m.c.i.embedder.EclipseLogger - skip non existing resourceDirectory C:\Users\pedro\Downloads\EclipseTemplates\EclipseTemplates\web2\src\test\resources
2021-02-12 17:09:30,456 [Worker-10: Building] WARN  o.e.m.c.i.embedder.EclipseLogger - Using platform encoding (Cp1252 actually) to copy filtered resources, i.e. build is platform dependent!
2021-02-12 17:09:30,475 [Worker-10: Building] INFO  o.e.m.c.i.embedder.EclipseLogger - skip non existing resourceDirectory C:\Users\pedro\Downloads\EclipseTemplates\EclipseTemplates\web2\src\main\resources
2021-02-12 17:09:30,488 [Worker-10: Building] WARN  o.e.m.c.i.embedder.EclipseLogger - Using platform encoding (Cp1252 actually) to copy filtered resources, i.e. build is platform dependent!
2021-02-12 17:09:30,590 [Worker-10: Building] INFO  o.e.m.c.i.embedder.EclipseLogger - skip non existing resourceDirectory C:\Users\pedro\Downloads\EclipseTemplates\EclipseTemplates\web2\src\test\resources
2021-02-12 17:09:56,904 [Worker-14: Building] WARN  o.e.m.c.i.embedder.EclipseLogger - Using platform encoding (Cp1252 actually) to copy filtered resources, i.e. build is platform dependent!
2021-02-12 17:09:56,921 [Worker-14: Building] INFO  o.e.m.c.i.embedder.EclipseLogger - skip non existing resourceDirectory C:\Users\pedro\Downloads\EclipseTemplates\EclipseTemplates\web2\src\main\resources
2021-02-12 17:09:56,923 [Worker-14: Building] WARN  o.e.m.c.i.embedder.EclipseLogger - Using platform encoding (Cp1252 actually) to copy filtered resources, i.e. build is platform dependent!
2021-02-12 17:09:56,938 [Worker-14: Building] INFO  o.e.m.c.i.embedder.EclipseLogger - skip non existing resourceDirectory C:\Users\pedro\Downloads\EclipseTemplates\EclipseTemplates\web2\src\test\resources
2021-02-12 17:10:09,591 [Worker-17: Building] WARN  o.e.m.c.i.embedder.EclipseLogger - Using platform encoding (Cp1252 actually) to copy filtered resources, i.e. build is platform dependent!
2021-02-12 17:10:09,606 [Worker-17: Building] INFO  o.e.m.c.i.embedder.EclipseLogger - skip non existing resourceDirectory C:\Users\pedro\Downloads\EclipseTemplates\EclipseTemplates\web2\src\main\resources
2021-02-12 17:10:09,607 [Worker-17: Building] WARN  o.e.m.c.i.embedder.EclipseLogger - Using platform encoding (Cp1252 actually) to copy filtered resources, i.e. build is platform dependent!
2021-02-12 17:10:09,624 [Worker-17: Building] INFO  o.e.m.c.i.embedder.EclipseLogger - skip non existing resourceDirectory C:\Users\pedro\Downloads\EclipseTemplates\EclipseTemplates\web2\src\test\resources
2021-02-12 17:11:20,705 [Worker-3: Building] WARN  o.e.m.c.i.embedder.EclipseLogger - Using platform encoding (Cp1252 actually) to copy filtered resources, i.e. build is platform dependent!
2021-02-12 17:11:20,717 [Worker-3: Building] INFO  o.e.m.c.i.embedder.EclipseLogger - skip non existing resourceDirectory C:\Users\pedro\Downloads\EclipseTemplates\EclipseTemplates\web2\src\main\resources
2021-02-12 17:11:20,719 [Worker-3: Building] WARN  o.e.m.c.i.embedder.EclipseLogger - Using platform encoding (Cp1252 actually) to copy filtered resources, i.e. build is platform dependent!
2021-02-12 17:11:20,730 [Worker-3: Building] INFO  o.e.m.c.i.embedder.EclipseLogger - skip non existing resourceDirectory C:\Users\pedro\Downloads\EclipseTemplates\EclipseTemplates\web2\src\test\resources
2021-02-12 17:30:23,025 [Worker-0: Loading available Gradle versions] INFO  o.e.b.c.i.u.g.PublishedGradleVersions - Gradle version information cache is up-to-date. Trying to read.
2021-02-12 17:31:05,962 [ModalContext] INFO  o.e.m.c.i.e.AbstractTransferListenerAdapter - Downloading https://repo1.maven.org/maven2/com/raelity/jfx/javafx-archetype-fxml/0.0.1/javafx-archetype-fxml-0.0.1.jar
2021-02-12 17:31:06,247 [ModalContext] INFO  o.e.m.c.i.e.AbstractTransferListenerAdapter - Downloaded https://repo1.maven.org/maven2/com/raelity/jfx/javafx-archetype-fxml/0.0.1/javafx-archetype-fxml-0.0.1.jar
2021-02-12 17:31:06,389 [ModalContext] INFO  o.e.m.c.i.e.AbstractTransferListenerAdapter - Downloading https://repo1.maven.org/maven2/com/raelity/jfx/javafx-archetype-fxml/0.0.1/javafx-archetype-fxml-0.0.1.pom
2021-02-12 17:31:06,436 [ModalContext] INFO  o.e.m.c.i.e.AbstractTransferListenerAdapter - Downloaded https://repo1.maven.org/maven2/com/raelity/jfx/javafx-archetype-fxml/0.0.1/javafx-archetype-fxml-0.0.1.pom
2021-02-12 17:31:43,982 [Worker-11: Creating javafx-archetype-fxml] INFO  o.e.m.c.i.p.ProjectConfigurationManager - Collecting project info '/pom.xml' C:\Users\pedro\Downloads\EclipseTemplates\EclipseTemplates\fxapp1\pom.xml
2021-02-12 17:31:44,836 [Worker-11: Creating javafx-archetype-fxml] INFO  o.e.m.c.i.e.AbstractTransferListenerAdapter - Downloading https://repo.maven.apache.org/maven2/org/apache/maven/plugins/maven-jar-plugin/2.4/maven-jar-plugin-2.4.jar
2021-02-12 17:31:45,086 [Worker-11: Creating javafx-archetype-fxml] INFO  o.e.m.c.i.e.AbstractTransferListenerAdapter - Downloaded https://repo.maven.apache.org/maven2/org/apache/maven/plugins/maven-jar-plugin/2.4/maven-jar-plugin-2.4.jar
2021-02-12 17:31:46,620 [Worker-11: Creating javafx-archetype-fxml] INFO  o.e.m.c.i.l.LifecycleMappingFactory - Using org.eclipse.m2e.jdt.JarLifecycleMapping lifecycle mapping for MavenProject: com.cloudftic:fxapp1:0.0.1-SNAPSHOT @ C:\Users\pedro\Downloads\EclipseTemplates\EclipseTemplates\fxapp1\pom.xml.
2021-02-12 17:31:46,786 [Worker-11: Creating javafx-archetype-fxml] INFO  o.e.m.c.i.e.AbstractTransferListenerAdapter - Downloading https://repo.maven.apache.org/maven2/org/openjfx/javafx-controls/13/javafx-controls-13.pom
2021-02-12 17:31:46,885 [Worker-11: Creating javafx-archetype-fxml] INFO  o.e.m.c.i.e.AbstractTransferListenerAdapter - Downloaded https://repo.maven.apache.org/maven2/org/openjfx/javafx-controls/13/javafx-controls-13.pom
2021-02-12 17:31:46,940 [Worker-11: Creating javafx-archetype-fxml] INFO  o.e.m.c.i.e.AbstractTransferListenerAdapter - Downloading https://repo.maven.apache.org/maven2/org/openjfx/javafx/13/javafx-13.pom
2021-02-12 17:31:46,989 [Worker-11: Creating javafx-archetype-fxml] INFO  o.e.m.c.i.e.AbstractTransferListenerAdapter - Downloaded https://repo.maven.apache.org/maven2/org/openjfx/javafx/13/javafx-13.pom
2021-02-12 17:31:47,052 [Worker-11: Creating javafx-archetype-fxml] INFO  o.e.m.c.i.e.AbstractTransferListenerAdapter - Downloading https://repo.maven.apache.org/maven2/org/openjfx/javafx-graphics/13/javafx-graphics-13.pom
2021-02-12 17:31:47,102 [Worker-11: Creating javafx-archetype-fxml] INFO  o.e.m.c.i.e.AbstractTransferListenerAdapter - Downloaded https://repo.maven.apache.org/maven2/org/openjfx/javafx-graphics/13/javafx-graphics-13.pom
2021-02-12 17:31:47,158 [Worker-11: Creating javafx-archetype-fxml] INFO  o.e.m.c.i.e.AbstractTransferListenerAdapter - Downloading https://repo.maven.apache.org/maven2/org/openjfx/javafx-base/13/javafx-base-13.pom
2021-02-12 17:31:47,205 [Worker-11: Creating javafx-archetype-fxml] INFO  o.e.m.c.i.e.AbstractTransferListenerAdapter - Downloaded https://repo.maven.apache.org/maven2/org/openjfx/javafx-base/13/javafx-base-13.pom
2021-02-12 17:31:47,264 [Worker-11: Creating javafx-archetype-fxml] INFO  o.e.m.c.i.e.AbstractTransferListenerAdapter - Downloading https://repo.maven.apache.org/maven2/org/openjfx/javafx-fxml/13/javafx-fxml-13.pom
2021-02-12 17:31:47,311 [Worker-11: Creating javafx-archetype-fxml] INFO  o.e.m.c.i.e.AbstractTransferListenerAdapter - Downloaded https://repo.maven.apache.org/maven2/org/openjfx/javafx-fxml/13/javafx-fxml-13.pom
2021-02-12 17:31:47,382 [AetherRepositoryConnector-repo.maven.apache.org-0-1] INFO  o.e.m.c.i.e.AbstractTransferListenerAdapter - Downloading https://repo.maven.apache.org/maven2/org/openjfx/javafx-controls/13/javafx-controls-13-win.jar
2021-02-12 17:31:47,466 [AetherRepositoryConnector-repo.maven.apache.org-0-2] INFO  o.e.m.c.i.e.AbstractTransferListenerAdapter - Downloading https://repo.maven.apache.org/maven2/org/openjfx/javafx-graphics/13/javafx-graphics-13.jar
2021-02-12 17:31:47,466 [AetherRepositoryConnector-repo.maven.apache.org-0-3] INFO  o.e.m.c.i.e.AbstractTransferListenerAdapter - Downloading https://repo.maven.apache.org/maven2/org/openjfx/javafx-graphics/13/javafx-graphics-13-win.jar
2021-02-12 17:31:47,467 [AetherRepositoryConnector-repo.maven.apache.org-0-4] INFO  o.e.m.c.i.e.AbstractTransferListenerAdapter - Downloading https://repo.maven.apache.org/maven2/org/openjfx/javafx-base/13/javafx-base-13.jar
2021-02-12 17:31:47,467 [AetherRepositoryConnector-repo.maven.apache.org-0-0] INFO  o.e.m.c.i.e.AbstractTransferListenerAdapter - Downloading https://repo.maven.apache.org/maven2/org/openjfx/javafx-controls/13/javafx-controls-13.jar
2021-02-12 17:31:47,628 [AetherRepositoryConnector-repo.maven.apache.org-0-2] INFO  o.e.m.c.i.e.AbstractTransferListenerAdapter - Downloaded https://repo.maven.apache.org/maven2/org/openjfx/javafx-graphics/13/javafx-graphics-13.jar
2021-02-12 17:31:47,629 [AetherRepositoryConnector-repo.maven.apache.org-0-4] INFO  o.e.m.c.i.e.AbstractTransferListenerAdapter - Downloaded https://repo.maven.apache.org/maven2/org/openjfx/javafx-base/13/javafx-base-13.jar
2021-02-12 17:31:47,630 [AetherRepositoryConnector-repo.maven.apache.org-0-0] INFO  o.e.m.c.i.e.AbstractTransferListenerAdapter - Downloaded https://repo.maven.apache.org/maven2/org/openjfx/javafx-controls/13/javafx-controls-13.jar
2021-02-12 17:31:47,737 [AetherRepositoryConnector-repo.maven.apache.org-0-2] INFO  o.e.m.c.i.e.AbstractTransferListenerAdapter - Downloading https://repo.maven.apache.org/maven2/org/openjfx/javafx-base/13/javafx-base-13-win.jar
2021-02-12 17:31:47,753 [AetherRepositoryConnector-repo.maven.apache.org-0-0] INFO  o.e.m.c.i.e.AbstractTransferListenerAdapter - Downloading https://repo.maven.apache.org/maven2/org/openjfx/javafx-fxml/13/javafx-fxml-13-win.jar
2021-02-12 17:31:47,753 [AetherRepositoryConnector-repo.maven.apache.org-0-4] INFO  o.e.m.c.i.e.AbstractTransferListenerAdapter - Downloading https://repo.maven.apache.org/maven2/org/openjfx/javafx-fxml/13/javafx-fxml-13.jar
2021-02-12 17:31:47,916 [AetherRepositoryConnector-repo.maven.apache.org-0-4] INFO  o.e.m.c.i.e.AbstractTransferListenerAdapter - Downloaded https://repo.maven.apache.org/maven2/org/openjfx/javafx-fxml/13/javafx-fxml-13.jar
2021-02-12 17:31:48,058 [AetherRepositoryConnector-repo.maven.apache.org-0-0] INFO  o.e.m.c.i.e.AbstractTransferListenerAdapter - Downloaded https://repo.maven.apache.org/maven2/org/openjfx/javafx-fxml/13/javafx-fxml-13-win.jar
2021-02-12 17:31:48,592 [AetherRepositoryConnector-repo.maven.apache.org-0-2] INFO  o.e.m.c.i.e.AbstractTransferListenerAdapter - Downloaded https://repo.maven.apache.org/maven2/org/openjfx/javafx-base/13/javafx-base-13-win.jar
2021-02-12 17:31:49,289 [AetherRepositoryConnector-repo.maven.apache.org-0-1] INFO  o.e.m.c.i.e.AbstractTransferListenerAdapter - Downloaded https://repo.maven.apache.org/maven2/org/openjfx/javafx-controls/13/javafx-controls-13-win.jar
2021-02-12 17:31:50,015 [AetherRepositoryConnector-repo.maven.apache.org-0-3] INFO  o.e.m.c.i.e.AbstractTransferListenerAdapter - Downloaded https://repo.maven.apache.org/maven2/org/openjfx/javafx-graphics/13/javafx-graphics-13-win.jar
2021-02-12 17:31:51,638 [Worker-11: Creating javafx-archetype-fxml] INFO  o.e.m.c.i.e.AbstractTransferListenerAdapter - Downloading https://repo.maven.apache.org/maven2/org/apache/maven/plugins/maven-jar-plugin/2.4/maven-jar-plugin-2.4.pom
2021-02-12 17:31:51,753 [Worker-11: Creating javafx-archetype-fxml] INFO  o.e.m.c.i.e.AbstractTransferListenerAdapter - Downloaded https://repo.maven.apache.org/maven2/org/apache/maven/plugins/maven-jar-plugin/2.4/maven-jar-plugin-2.4.pom
2021-02-12 17:31:52,248 [Worker-11: Creating javafx-archetype-fxml] INFO  o.e.m.c.i.e.AbstractTransferListenerAdapter - Downloading https://repo.maven.apache.org/maven2/commons-lang/commons-lang/2.1/commons-lang-2.1.jar
2021-02-12 17:31:52,410 [Worker-11: Creating javafx-archetype-fxml] INFO  o.e.m.c.i.e.AbstractTransferListenerAdapter - Downloaded https://repo.maven.apache.org/maven2/commons-lang/commons-lang/2.1/commons-lang-2.1.jar
2021-02-12 17:31:53,911 [Worker-11: Creating javafx-archetype-fxml] INFO  o.e.m.j.i.AbstractJavaProjectConfigurator - Adding source folder /fxapp1/src/main/java
2021-02-12 17:31:53,912 [Worker-11: Creating javafx-archetype-fxml] INFO  o.e.m.j.i.AbstractJavaProjectConfigurator - Adding resource folder /fxapp1/src/main/resources
2021-02-12 17:31:53,930 [Worker-11: Creating javafx-archetype-fxml] INFO  o.e.m.j.i.AbstractJavaProjectConfigurator - Adding source folder /fxapp1/src/test/java
2021-02-12 17:31:54,651 [Worker-11: Creating javafx-archetype-fxml] INFO  o.e.m.c.i.p.ProjectConfigurationManager - Imported and configured 1 project(s) in 10 sec
2021-02-12 17:31:54,850 [Worker-6: Download sources and javadoc] INFO  o.e.m.c.i.e.AbstractTransferListenerAdapter - Downloading https://repo.maven.apache.org/maven2/org/openjfx/javafx-controls/13/javafx-controls-13-sources.jar
2021-02-12 17:31:55,522 [Worker-6: Download sources and javadoc] INFO  o.e.m.c.i.e.AbstractTransferListenerAdapter - Downloaded https://repo.maven.apache.org/maven2/org/openjfx/javafx-controls/13/javafx-controls-13-sources.jar
2021-02-12 17:31:55,715 [Worker-6: Download sources and javadoc] INFO  o.e.m.j.internal.DownloadSourcesJob - Downloaded sources for org.openjfx:javafx-controls:13
2021-02-12 17:31:55,733 [Worker-6: Download sources and javadoc] INFO  o.e.m.j.internal.DownloadSourcesJob - Downloaded sources for org.openjfx:javafx-controls:13:win
2021-02-12 17:31:55,943 [Worker-6: Download sources and javadoc] INFO  o.e.m.c.i.e.AbstractTransferListenerAdapter - Downloading https://repo.maven.apache.org/maven2/org/openjfx/javafx-graphics/13/javafx-graphics-13-sources.jar
2021-02-12 17:31:58,123 [Worker-7: Building] INFO  o.e.m.c.i.embedder.EclipseLogger - Using 'UTF-8' encoding to copy filtered resources.
2021-02-12 17:31:58,139 [Worker-7: Building] INFO  o.e.m.c.i.embedder.EclipseLogger - Copying 2 resources
2021-02-12 17:31:58,174 [Worker-7: Building] INFO  o.e.m.c.i.embedder.EclipseLogger - Using 'UTF-8' encoding to copy filtered resources.
2021-02-12 17:31:58,174 [Worker-7: Building] INFO  o.e.m.c.i.embedder.EclipseLogger - skip non existing resourceDirectory C:\Users\pedro\Downloads\EclipseTemplates\EclipseTemplates\fxapp1\src\test\resources
2021-02-12 17:32:00,437 [Worker-6: Download sources and javadoc] INFO  o.e.m.c.i.e.AbstractTransferListenerAdapter - Downloaded https://repo.maven.apache.org/maven2/org/openjfx/javafx-graphics/13/javafx-graphics-13-sources.jar
2021-02-12 17:32:00,644 [Worker-6: Download sources and javadoc] INFO  o.e.m.j.internal.DownloadSourcesJob - Downloaded sources for org.openjfx:javafx-graphics:13
2021-02-12 17:32:00,661 [Worker-6: Download sources and javadoc] INFO  o.e.m.j.internal.DownloadSourcesJob - Downloaded sources for org.openjfx:javafx-graphics:13:win
2021-02-12 17:32:00,865 [Worker-6: Download sources and javadoc] INFO  o.e.m.c.i.e.AbstractTransferListenerAdapter - Downloading https://repo.maven.apache.org/maven2/org/openjfx/javafx-base/13/javafx-base-13-sources.jar
2021-02-12 17:32:01,122 [Worker-6: Download sources and javadoc] INFO  o.e.m.c.i.e.AbstractTransferListenerAdapter - Downloaded https://repo.maven.apache.org/maven2/org/openjfx/javafx-base/13/javafx-base-13-sources.jar
2021-02-12 17:32:01,292 [Worker-6: Download sources and javadoc] INFO  o.e.m.j.internal.DownloadSourcesJob - Downloaded sources for org.openjfx:javafx-base:13
2021-02-12 17:32:01,308 [Worker-6: Download sources and javadoc] INFO  o.e.m.j.internal.DownloadSourcesJob - Downloaded sources for org.openjfx:javafx-base:13:win
2021-02-12 17:32:01,490 [Worker-6: Download sources and javadoc] INFO  o.e.m.c.i.e.AbstractTransferListenerAdapter - Downloading https://repo.maven.apache.org/maven2/org/openjfx/javafx-fxml/13/javafx-fxml-13-sources.jar
2021-02-12 17:32:01,628 [Worker-6: Download sources and javadoc] INFO  o.e.m.c.i.e.AbstractTransferListenerAdapter - Downloaded https://repo.maven.apache.org/maven2/org/openjfx/javafx-fxml/13/javafx-fxml-13-sources.jar
2021-02-12 17:32:01,958 [Worker-6: Download sources and javadoc] INFO  o.e.m.j.internal.DownloadSourcesJob - Downloaded sources for org.openjfx:javafx-fxml:13
2021-02-12 17:32:01,974 [Worker-6: Download sources and javadoc] INFO  o.e.m.j.internal.DownloadSourcesJob - Downloaded sources for org.openjfx:javafx-fxml:13:win
2021-02-12 17:32:02,008 [Worker-6: Download sources and javadoc] INFO  o.e.m.j.internal.DownloadSourcesJob - Downloaded sources for org.openjfx:javafx-controls:13
2021-02-12 17:32:02,023 [Worker-6: Download sources and javadoc] INFO  o.e.m.j.internal.DownloadSourcesJob - Downloaded sources for org.openjfx:javafx-controls:13:win
2021-02-12 17:32:02,038 [Worker-6: Download sources and javadoc] INFO  o.e.m.j.internal.DownloadSourcesJob - Downloaded sources for org.openjfx:javafx-graphics:13
2021-02-12 17:32:02,053 [Worker-6: Download sources and javadoc] INFO  o.e.m.j.internal.DownloadSourcesJob - Downloaded sources for org.openjfx:javafx-graphics:13:win
2021-02-12 17:32:02,068 [Worker-6: Download sources and javadoc] INFO  o.e.m.j.internal.DownloadSourcesJob - Downloaded sources for org.openjfx:javafx-base:13
2021-02-12 17:32:02,083 [Worker-6: Download sources and javadoc] INFO  o.e.m.j.internal.DownloadSourcesJob - Downloaded sources for org.openjfx:javafx-base:13:win
2021-02-12 17:32:02,098 [Worker-6: Download sources and javadoc] INFO  o.e.m.j.internal.DownloadSourcesJob - Downloaded sources for org.openjfx:javafx-fxml:13
2021-02-12 17:32:02,113 [Worker-6: Download sources and javadoc] INFO  o.e.m.j.internal.DownloadSourcesJob - Downloaded sources for org.openjfx:javafx-fxml:13:win
2021-02-12 17:32:02,128 [Worker-6: Download sources and javadoc] INFO  o.e.m.j.internal.DownloadSourcesJob - Downloaded sources for org.openjfx:javafx-graphics:13
2021-02-12 17:32:02,144 [Worker-6: Download sources and javadoc] INFO  o.e.m.j.internal.DownloadSourcesJob - Downloaded sources for org.openjfx:javafx-graphics:13:win
2021-02-12 17:32:02,159 [Worker-6: Download sources and javadoc] INFO  o.e.m.j.internal.DownloadSourcesJob - Downloaded sources for org.openjfx:javafx-base:13
2021-02-12 17:32:02,174 [Worker-6: Download sources and javadoc] INFO  o.e.m.j.internal.DownloadSourcesJob - Downloaded sources for org.openjfx:javafx-base:13:win
2021-02-12 17:32:02,191 [Worker-6: Download sources and javadoc] INFO  o.e.m.j.internal.DownloadSourcesJob - Downloaded sources for org.openjfx:javafx-fxml:13
2021-02-12 17:32:02,205 [Worker-6: Download sources and javadoc] INFO  o.e.m.j.internal.DownloadSourcesJob - Downloaded sources for org.openjfx:javafx-fxml:13:win
2021-02-12 17:32:02,737 [Worker-0: Building] INFO  o.e.m.c.i.embedder.EclipseLogger - Using 'UTF-8' encoding to copy filtered resources.
2021-02-12 17:32:02,739 [Worker-0: Building] INFO  o.e.m.c.i.embedder.EclipseLogger - Copying 0 resource
2021-02-12 17:32:02,741 [Worker-0: Building] INFO  o.e.m.c.i.embedder.EclipseLogger - Using 'UTF-8' encoding to copy filtered resources.
2021-02-12 17:32:02,742 [Worker-0: Building] INFO  o.e.m.c.i.embedder.EclipseLogger - skip non existing resourceDirectory C:\Users\pedro\Downloads\EclipseTemplates\EclipseTemplates\fxapp1\src\test\resources
2021-02-12 17:34:50,476 [Worker-3: Building] INFO  o.e.m.c.i.embedder.EclipseLogger - Using 'UTF-8' encoding to copy filtered resources.
2021-02-12 17:34:50,511 [Worker-3: Building] INFO  o.e.m.c.i.embedder.EclipseLogger - Copying 2 resources
2021-02-12 17:34:50,526 [Worker-3: Building] INFO  o.e.m.c.i.embedder.EclipseLogger - Using 'UTF-8' encoding to copy filtered resources.
2021-02-12 17:34:50,527 [Worker-3: Building] INFO  o.e.m.c.i.embedder.EclipseLogger - skip non existing resourceDirectory C:\Users\pedro\Downloads\EclipseTemplates\EclipseTemplates\fxapp1\src\test\resources
2021-02-12 17:34:59,931 [Worker-2: Building] INFO  o.e.m.c.i.embedder.EclipseLogger - Using 'UTF-8' encoding to copy filtered resources.
2021-02-12 17:34:59,933 [Worker-2: Building] INFO  o.e.m.c.i.embedder.EclipseLogger - Copying 2 resources
2021-02-12 17:34:59,946 [Worker-2: Building] INFO  o.e.m.c.i.embedder.EclipseLogger - Using 'UTF-8' encoding to copy filtered resources.
2021-02-12 17:34:59,947 [Worker-2: Building] INFO  o.e.m.c.i.embedder.EclipseLogger - skip non existing resourceDirectory C:\Users\pedro\Downloads\EclipseTemplates\EclipseTemplates\fxapp1\src\test\resources
2021-02-12 17:45:34,409 [Worker-2: Building] INFO  o.e.m.c.i.embedder.EclipseLogger - Using 'UTF-8' encoding to copy filtered resources.
2021-02-12 17:45:34,410 [Worker-2: Building] INFO  o.e.m.c.i.embedder.EclipseLogger - Copying 0 resource
2021-02-12 17:45:34,412 [Worker-2: Building] INFO  o.e.m.c.i.embedder.EclipseLogger - Using 'UTF-8' encoding to copy filtered resources.
2021-02-12 17:45:34,413 [Worker-2: Building] INFO  o.e.m.c.i.embedder.EclipseLogger - skip non existing resourceDirectory C:\Users\pedro\Downloads\EclipseTemplates\EclipseTemplates\fxapp1\src\test\resources
2021-02-12 17:45:34,987 [Worker-2: Building] WARN  o.e.m.c.i.embedder.EclipseLogger - Using platform encoding (Cp1252 actually) to copy filtered resources, i.e. build is platform dependent!
2021-02-12 17:45:35,002 [Worker-2: Building] INFO  o.e.m.c.i.embedder.EclipseLogger - skip non existing resourceDirectory C:\Users\pedro\Downloads\EclipseTemplates\EclipseTemplates\web2\src\main\resources
2021-02-12 17:45:35,004 [Worker-2: Building] WARN  o.e.m.c.i.embedder.EclipseLogger - Using platform encoding (Cp1252 actually) to copy filtered resources, i.e. build is platform dependent!
2021-02-12 17:45:35,019 [Worker-2: Building] INFO  o.e.m.c.i.embedder.EclipseLogger - skip non existing resourceDirectory C:\Users\pedro\Downloads\EclipseTemplates\EclipseTemplates\web2\src\test\resources
2021-02-12 17:46:02,216 [Worker-15: Building] INFO  o.e.m.c.i.embedder.EclipseLogger - Using 'UTF-8' encoding to copy filtered resources.
2021-02-12 17:46:02,219 [Worker-15: Building] INFO  o.e.m.c.i.embedder.EclipseLogger - Copying 2 resources
2021-02-12 17:46:02,221 [Worker-15: Building] INFO  o.e.m.c.i.embedder.EclipseLogger - Using 'UTF-8' encoding to copy filtered resources.
2021-02-12 17:46:02,222 [Worker-15: Building] INFO  o.e.m.c.i.embedder.EclipseLogger - skip non existing resourceDirectory C:\Users\pedro\Downloads\EclipseTemplates\EclipseTemplates\fxapp1\src\test\resources
2021-02-12 17:46:50,710 [Worker-15: Building] INFO  o.e.m.c.i.embedder.EclipseLogger - Using 'UTF-8' encoding to copy filtered resources.
2021-02-12 17:46:50,712 [Worker-15: Building] INFO  o.e.m.c.i.embedder.EclipseLogger - Copying 2 resources
2021-02-12 17:46:50,716 [Worker-15: Building] INFO  o.e.m.c.i.embedder.EclipseLogger - Using 'UTF-8' encoding to copy filtered resources.
2021-02-12 17:46:50,717 [Worker-15: Building] INFO  o.e.m.c.i.embedder.EclipseLogger - skip non existing resourceDirectory C:\Users\pedro\Downloads\EclipseTemplates\EclipseTemplates\fxapp1\src\test\resources
2021-02-12 17:48:41,749 [Worker-17: Building] INFO  o.e.m.c.i.embedder.EclipseLogger - Using 'UTF-8' encoding to copy filtered resources.
2021-02-12 17:48:41,752 [Worker-17: Building] INFO  o.e.m.c.i.embedder.EclipseLogger - Copying 2 resources
2021-02-12 17:48:41,755 [Worker-17: Building] INFO  o.e.m.c.i.embedder.EclipseLogger - Using 'UTF-8' encoding to copy filtered resources.
2021-02-12 17:48:41,756 [Worker-17: Building] INFO  o.e.m.c.i.embedder.EclipseLogger - skip non existing resourceDirectory C:\Users\pedro\Downloads\EclipseTemplates\EclipseTemplates\fxapp1\src\test\resources
2021-02-12 17:56:45,827 [Worker-12: Building] INFO  o.e.m.c.i.embedder.EclipseLogger - Using 'UTF-8' encoding to copy filtered resources.
2021-02-12 17:56:45,829 [Worker-12: Building] INFO  o.e.m.c.i.embedder.EclipseLogger - Copying 2 resources
2021-02-12 17:56:45,837 [Worker-12: Building] INFO  o.e.m.c.i.embedder.EclipseLogger - Using 'UTF-8' encoding to copy filtered resources.
2021-02-12 17:56:45,838 [Worker-12: Building] INFO  o.e.m.c.i.embedder.EclipseLogger - skip non existing resourceDirectory C:\Users\pedro\Downloads\EclipseTemplates\EclipseTemplates\fxapp1\src\test\resources
2021-02-12 17:57:08,717 [Worker-20: Building] INFO  o.e.m.c.i.embedder.EclipseLogger - Using 'UTF-8' encoding to copy filtered resources.
2021-02-12 17:57:08,721 [Worker-20: Building] INFO  o.e.m.c.i.embedder.EclipseLogger - Copying 1 resource
2021-02-12 17:57:08,723 [Worker-20: Building] INFO  o.e.m.c.i.embedder.EclipseLogger - Using 'UTF-8' encoding to copy filtered resources.
2021-02-12 17:57:08,724 [Worker-20: Building] INFO  o.e.m.c.i.embedder.EclipseLogger - skip non existing resourceDirectory C:\Users\pedro\Downloads\EclipseTemplates\EclipseTemplates\fxapp1\src\test\resources
2021-02-12 17:58:08,049 [Worker-13: Building] INFO  o.e.m.c.i.embedder.EclipseLogger - Using 'UTF-8' encoding to copy filtered resources.
2021-02-12 17:58:08,051 [Worker-13: Building] INFO  o.e.m.c.i.embedder.EclipseLogger - Copying 2 resources
2021-02-12 17:58:08,059 [Worker-13: Building] INFO  o.e.m.c.i.embedder.EclipseLogger - Using 'UTF-8' encoding to copy filtered resources.
2021-02-12 17:58:08,059 [Worker-13: Building] INFO  o.e.m.c.i.embedder.EclipseLogger - skip non existing resourceDirectory C:\Users\pedro\Downloads\EclipseTemplates\EclipseTemplates\fxapp1\src\test\resources
2021-02-12 17:59:02,226 [Worker-20: Building] INFO  o.e.m.c.i.embedder.EclipseLogger - Using 'UTF-8' encoding to copy filtered resources.
2021-02-12 17:59:02,227 [Worker-20: Building] INFO  o.e.m.c.i.embedder.EclipseLogger - Copying 1 resource
2021-02-12 17:59:02,234 [Worker-20: Building] INFO  o.e.m.c.i.embedder.EclipseLogger - Using 'UTF-8' encoding to copy filtered resources.
2021-02-12 17:59:02,235 [Worker-20: Building] INFO  o.e.m.c.i.embedder.EclipseLogger - skip non existing resourceDirectory C:\Users\pedro\Downloads\EclipseTemplates\EclipseTemplates\fxapp1\src\test\resources
2021-02-12 18:06:32,021 [Worker-23: Building] INFO  o.e.m.c.i.embedder.EclipseLogger - Using 'UTF-8' encoding to copy filtered resources.
2021-02-12 18:06:32,024 [Worker-23: Building] INFO  o.e.m.c.i.embedder.EclipseLogger - Copying 2 resources
2021-02-12 18:06:32,030 [Worker-23: Building] INFO  o.e.m.c.i.embedder.EclipseLogger - Using 'UTF-8' encoding to copy filtered resources.
2021-02-12 18:06:32,031 [Worker-23: Building] INFO  o.e.m.c.i.embedder.EclipseLogger - skip non existing resourceDirectory C:\Users\pedro\Downloads\EclipseTemplates\EclipseTemplates\fxapp1\src\test\resources
2021-02-12 18:09:42,035 [Worker-23: Building] INFO  o.e.m.c.i.embedder.EclipseLogger - Using 'UTF-8' encoding to copy filtered resources.
2021-02-12 18:09:42,037 [Worker-23: Building] INFO  o.e.m.c.i.embedder.EclipseLogger - Copying 1 resource
2021-02-12 18:09:42,043 [Worker-23: Building] INFO  o.e.m.c.i.embedder.EclipseLogger - Using 'UTF-8' encoding to copy filtered resources.
2021-02-12 18:09:42,043 [Worker-23: Building] INFO  o.e.m.c.i.embedder.EclipseLogger - skip non existing resourceDirectory C:\Users\pedro\Downloads\EclipseTemplates\EclipseTemplates\fxapp1\src\test\resources
2021-02-12 18:11:02,449 [Worker-28: Building] INFO  o.e.m.c.i.embedder.EclipseLogger - Using 'UTF-8' encoding to copy filtered resources.
2021-02-12 18:11:02,450 [Worker-28: Building] INFO  o.e.m.c.i.embedder.EclipseLogger - Copying 1 resource
2021-02-12 18:11:02,458 [Worker-28: Building] INFO  o.e.m.c.i.embedder.EclipseLogger - Using 'UTF-8' encoding to copy filtered resources.
2021-02-12 18:11:02,458 [Worker-28: Building] INFO  o.e.m.c.i.embedder.EclipseLogger - skip non existing resourceDirectory C:\Users\pedro\Downloads\EclipseTemplates\EclipseTemplates\fxapp1\src\test\resources
2021-02-12 18:17:40,395 [Worker-12: Building] INFO  o.e.m.c.i.embedder.EclipseLogger - Using 'UTF-8' encoding to copy filtered resources.
2021-02-12 18:17:40,396 [Worker-12: Building] INFO  o.e.m.c.i.embedder.EclipseLogger - Copying 1 resource
2021-02-12 18:17:40,404 [Worker-12: Building] INFO  o.e.m.c.i.embedder.EclipseLogger - Using 'UTF-8' encoding to copy filtered resources.
2021-02-12 18:17:40,405 [Worker-12: Building] INFO  o.e.m.c.i.embedder.EclipseLogger - skip non existing resourceDirectory C:\Users\pedro\Downloads\EclipseTemplates\EclipseTemplates\fxapp1\src\test\resources
2021-02-12 18:18:36,577 [Worker-32: Building] INFO  o.e.m.c.i.embedder.EclipseLogger - Using 'UTF-8' encoding to copy filtered resources.
2021-02-12 18:18:36,579 [Worker-32: Building] INFO  o.e.m.c.i.embedder.EclipseLogger - Copying 2 resources
2021-02-12 18:18:36,582 [Worker-32: Building] INFO  o.e.m.c.i.embedder.EclipseLogger - Using 'UTF-8' encoding to copy filtered resources.
2021-02-12 18:18:36,582 [Worker-32: Building] INFO  o.e.m.c.i.embedder.EclipseLogger - skip non existing resourceDirectory C:\Users\pedro\Downloads\EclipseTemplates\EclipseTemplates\fxapp1\src\test\resources
